
{"level":"info","message":{"method":"GET","type":"access","url":"/api-docs/"},"timestamp":"2023-06-19"}
{"level":"info","message":{"method":"GET","type":"access","url":"/api-docs/swagger-ui.css"},"timestamp":"2023-06-19"}
{"level":"info","message":{"method":"GET","type":"access","url":"/api-docs/swagger-ui-bundle.js"},"timestamp":"2023-06-19"}
{"level":"info","message":{"method":"GET","type":"access","url":"/api-docs/swagger-ui-standalone-preset.js"},"timestamp":"2023-06-19"}
{"level":"info","message":{"method":"GET","type":"access","url":"/api-docs/swagger-ui-init.js"},"timestamp":"2023-06-19"}
{"level":"info","message":{"method":"GET","type":"access","url":"/api-docs/favicon-32x32.png"},"timestamp":"2023-06-19"}
{"level":"info","message":{"method":"POST","type":"access","url":"/api/v1/users/login"},"timestamp":"2023-06-19"}
{"level":"error","message":"Unexpected end of JSON input","stack":"SyntaxError: Unexpected end of JSON input\n    at JSON.parse (<anonymous>)\n    at createStrictSyntaxError (/Users/andela/Documents/workspace/destructors-ec-bn/node_modules/express/node_modules/body-parser/lib/types/json.js:160:10)\n    at parse (/Users/andela/Documents/workspace/destructors-ec-bn/node_modules/express/node_modules/body-parser/lib/types/json.js:83:15)\n    at /Users/andela/Documents/workspace/destructors-ec-bn/node_modules/express/node_modules/body-parser/lib/read.js:128:18\n    at AsyncResource.runInAsyncScope (node:async_hooks:203:9)\n    at invokeCallback (/Users/andela/Documents/workspace/destructors-ec-bn/node_modules/express/node_modules/raw-body/index.js:231:16)\n    at done (/Users/andela/Documents/workspace/destructors-ec-bn/node_modules/express/node_modules/raw-body/index.js:220:7)\n    at IncomingMessage.onEnd (/Users/andela/Documents/workspace/destructors-ec-bn/node_modules/express/node_modules/raw-body/index.js:280:7)\n    at IncomingMessage.emit (node:events:513:28)\n    at IncomingMessage.emit (node:domain:489:12)\n    at endReadableNT (node:internal/streams/readable:1359:12)\n    at processTicksAndRejections (node:internal/process/task_queues:82:21)","timestamp":"2023-06-17","type":"error"}
{"level":"error","message":"Unexpected end of JSON input","stack":"SyntaxError: Unexpected end of JSON input\n    at JSON.parse (<anonymous>)\n    at createStrictSyntaxError (/Users/andela/Documents/workspace/destructors-ec-bn/node_modules/express/node_modules/body-parser/lib/types/json.js:160:10)\n    at parse (/Users/andela/Documents/workspace/destructors-ec-bn/node_modules/express/node_modules/body-parser/lib/types/json.js:83:15)\n    at /Users/andela/Documents/workspace/destructors-ec-bn/node_modules/express/node_modules/body-parser/lib/read.js:128:18\n    at AsyncResource.runInAsyncScope (node:async_hooks:203:9)\n    at invokeCallback (/Users/andela/Documents/workspace/destructors-ec-bn/node_modules/express/node_modules/raw-body/index.js:231:16)\n    at done (/Users/andela/Documents/workspace/destructors-ec-bn/node_modules/express/node_modules/raw-body/index.js:220:7)\n    at IncomingMessage.onEnd (/Users/andela/Documents/workspace/destructors-ec-bn/node_modules/express/node_modules/raw-body/index.js:280:7)\n    at IncomingMessage.emit (node:events:513:28)\n    at IncomingMessage.emit (node:domain:489:12)\n    at endReadableNT (node:internal/streams/readable:1359:12)\n    at processTicksAndRejections (node:internal/process/task_queues:82:21)","timestamp":"2023-06-19","type":"error"}
{"level":"info","message":{"method":"GET","type":"access","url":"/api/v1/users/logs"},"timestamp":"2023-06-19"}
{"level":"info","message":{"method":"GET","type":"access","url":"/api/v1/users/logs"},"timestamp":"2023-06-19"}
{"level":"info","message":{"method":"GET","type":"access","url":"/api/v1/users/logs"},"timestamp":"2023-06-19"}
{"level":"info","message":{"method":"GET","type":"access","url":"/api/v1/users/logs"},"timestamp":"2023-06-19"}
{"level":"info","message":{"method":"GET","type":"access","url":"/api/v1/users/logs"},"timestamp":"2023-06-19"}
{"level":"info","message":{"method":"GET","type":"access","url":"/api/v1/users/logs"},"timestamp":"2023-06-19"}
{"level":"info","message":{"method":"GET","type":"access","url":"/api/v1/users/logs"},"timestamp":"2023-06-19"}
{"level":"info","message":{"method":"POST","type":"access","url":"/api/v1/users/signup"},"timestamp":"2023-06-19"}
{"level":"info","message":{"method":"POST","type":"access","url":"/api/v1/users/signup"},"timestamp":"2023-06-19"}
{"level":"info","message":{"method":"POST","type":"access","url":"/api/v1/products"},"timestamp":"2023-06-19"}
{"level":"info","message":{"method":"PATCH","type":"access","url":"/api/v1/sales/e8f2fb04-d4de-48cb-aa38-d72ca97a2ca3/status"},"timestamp":"2023-06-19"}
{"level":"info","message":{"method":"POST","type":"access","url":"/api/v1/users/signup"},"timestamp":"2023-06-19"}
{"level":"info","message":{"method":"PATCH","type":"access","url":"/api/v1/sales/128a0571-4538-4de1-9ed5-62151d16eb1c/status"},"timestamp":"2023-06-19"}
{"level":"info","message":{"method":"PATCH","type":"access","url":"/api/v1/sales/e8f2fb04-d4de-48cb-aa38-d72ca97a2ca3/status"},"timestamp":"2023-06-19"}
{"level":"info","message":{"method":"PATCH","type":"access","url":"/api/v1/sales/e8f2fb04-d4de-48cb-aa38-d72ca97a2ca3/status"},"timestamp":"2023-06-19"}
{"level":"info","message":{"method":"PATCH","type":"access","url":"/api/v1/sales/e8f2fb04-d4de-48cb-aa38-d72ca97a2ca3/status"},"timestamp":"2023-06-19"}
{"level":"info","message":{"method":"PATCH","type":"access","url":"/api/v1/sales/12/status"},"timestamp":"2023-06-19"}
{"level":"info","message":{"method":"PATCH","type":"access","url":"/api/v1/sales/9c02cb19-f8a8-4224-910f-46af85344360/status"},"timestamp":"2023-06-19"}
{"level":"info","message":{"method":"PATCH","type":"access","url":"/api/v1/sales/128a0571-4538-4de1-9ed5-62151d16eb1c/status"},"timestamp":"2023-06-19"}
{"level":"info","message":{"method":"PATCH","type":"access","url":"/api/v1/sales/9c02cb19-f8a8-4224-910f-46af85344360/status"},"timestamp":"2023-06-19"}
{"level":"info","message":{"method":"PATCH","type":"access","url":"/api/v1/sales/12/status"},"timestamp":"2023-06-19"}
{"level":"info","message":{"method":"GET","type":"access","url":"/api/v1/sales"},"timestamp":"2023-06-19"}
{"level":"info","message":{"method":"GET","type":"access","url":"/api/v1/sales"},"timestamp":"2023-06-19"}
{"level":"info","message":{"method":"GET","type":"access","url":"/api/v1/sales"},"timestamp":"2023-06-19"}
{"level":"info","message":{"method":"POST","type":"access","url":"/api/v1/products"},"timestamp":"2023-06-19"}
{"level":"info","message":{"method":"GET","type":"access","url":"/api/v1/users/verify-email?t=eyJhbGciOiJIUzI1NiIsInR5cCI6IkpXVCJ9.eyJkYXRhIjp7ImZpcnN0bmFtZSI6Im15Zmlyc3RuYW1lIiwibGFzdG5hbWUiOiJteXNlY29uZG5hbWUiLCJlbWFpbCI6InRlc3RlbWFpbDEyMzRAZ21haWwuY29tIiwicGFzc3dvcmQiOiJ0ZXN0cGFzczIzNDUifSwiaWF0IjoxNjg3MTY0NDk0LCJleHAiOjE2ODcxNjUwOTR9.1zIFfVGAxapkD5ltsYuRtzPJ_6ClmnsorXmzc7zg_Jc"},"timestamp":"2023-06-19"}
{"level":"info","message":{"method":"POST","type":"access","url":"/api/v1/products"},"timestamp":"2023-06-19"}
{"level":"info","message":{"method":"POST","type":"access","url":"/api/v1/users/login"},"timestamp":"2023-06-19"}
{"level":"info","message":{"method":"POST","type":"access","url":"/api/v1/users/login"},"timestamp":"2023-06-19"}
{"level":"info","message":{"method":"POST","type":"access","url":"/api/v1/users/login"},"timestamp":"2023-06-19"}
{"level":"info","message":{"method":"GET","type":"access","url":"/api/v1/users"},"timestamp":"2023-06-19"}
{"level":"info","message":{"method":"GET","type":"access","url":"/api/v1/users"},"timestamp":"2023-06-19"}
{"level":"info","message":{"method":"GET","type":"access","url":"/api/v1/users"},"timestamp":"2023-06-19"}
{"level":"info","message":{"method":"GET","type":"access","url":"/api/v1/users/auth"},"timestamp":"2023-06-19"}
{"level":"info","message":{"method":"GET","type":"access","url":"/api/v1/users/login/google"},"timestamp":"2023-06-19"}
{"level":"info","message":{"method":"GET","type":"access","url":"/api/v1/users/google/callback"},"timestamp":"2023-06-19"}
{"level":"info","message":{"method":"GET","type":"access","url":"/api/v1/users/signup/google"},"timestamp":"2023-06-19"}
{"level":"info","message":{"method":"POST","type":"access","url":"/api/v1/users/reset-password"},"timestamp":"2023-06-19"}
{"level":"info","message":{"method":"POST","type":"access","url":"/api/v1/users/signup"},"timestamp":"2023-06-19"}
{"level":"info","message":{"method":"PATCH","type":"access","url":"/api/v1/users/a1a96a86-d898-45d2-896f-51898966b838/status"},"timestamp":"2023-06-19"}
{"level":"info","message":{"method":"PATCH","type":"access","url":"/api/v1/users/a1a96a86-d898-45d2-896f-51898966b830/status"},"timestamp":"2023-06-19"}
{"level":"info","message":{"method":"PATCH","type":"access","url":"/api/v1/users/d0db925d-03b7-4e7a-a838-7a8d0823fd00/status"},"timestamp":"2023-06-19"}
{"level":"info","message":{"method":"POST","type":"access","url":"/api/v1/users/signup"},"timestamp":"2023-06-19"}
{"level":"info","message":{"method":"POST","type":"access","url":"/api/v1/users/reset-password"},"timestamp":"2023-06-19"}
{"level":"info","message":{"method":"POST","type":"access","url":"/api/v1/users/reset-password"},"timestamp":"2023-06-19"}
{"level":"info","message":{"method":"POST","type":"access","url":"/api/v1/users/reset-password"},"timestamp":"2023-06-19"}
{"level":"info","message":{"method":"PATCH","type":"access","url":"/api/v1/users/reset-password/eyJhbGciOiJIUzI1NiIsInR5cCI6IkpXVCJ9.eyJkYXRhIjp7ImZpcnN0bmFtZSI6Im1maXJzdG5hbWUiLCJsYXN0bmFtZSI6Im1zZWNvbmRuYW1lIiwiZW1haWwiOiJ0c3RtYWlsMTIzNEBnbWFpbC5jb20iLCJwYXNzd29yZCI6InRlc3RwYXNzMjM0NSJ9LCJpYXQiOjE2ODcxNjQ0OTgsImV4cCI6MTY4NzE2NTA5OH0.O3cnpjIsfvzaNO69YlbrONuT88-4ZfCBArrnLebqbE4"},"timestamp":"2023-06-19"}
{"level":"info","message":{"method":"PATCH","type":"access","url":"/api/v1/users/reset-password/eyJhbGciOiJIUzI1NiIsInR5cCI6IkpXVCJ9.eyJkYXRhIjoia2F0cm9zMjUwQGdtYWlsLmNvbSIsImlhdCI6MTY3OTM5MDQwOCwiZXhwIjoxNjc5MzkwNDY4fQ.80S2mmY768UpVKBjgjFiMl0wmsunsMujlypCV50guSY"},"timestamp":"2023-06-19"}
{"level":"info","message":{"method":"PATCH","type":"access","url":"/api/v1/users/reset-password/eyJhbGciOiJIUzI1NiIsInR5cCI6IkpXVCJ9.eyJkYXRhIjp7ImZpcnN0bmFtZSI6Im1maXJzdG5hbWUiLCJsYXN0bmFtZSI6Im1zZWNvbmRuYW1lIiwiZW1haWwiOiJ0c3RtYWlsMTIzNEBnbWFpbC5jb20iLCJwYXNzd29yZCI6InRlc3RwYXNzMjM0NSJ9LCJpYXQiOjE2ODcxNjQ0OTgsImV4cCI6MTY4NzE2NTA5OH0.O3cnpjIsfvzaNO69YlbrONuT88-4ZfCBArrnLebqbE4"},"timestamp":"2023-06-19"}
{"level":"info","message":{"method":"PATCH","type":"access","url":"/api/v1/users/reset-password/eyJhbGciOiJIUzI1NiIsInR5cCI6IkpXVCJ9.eyJkYXRhIjp7ImZpcnN0bmFtZSI6Im1maXJzdG5hbWUiLCJsYXN0bmFtZSI6Im1zZWNvbmRuYW1lIiwiZW1haWwiOiJ0c3RtYWlsMTIzNEBnbWFpbC5jb20iLCJwYXNzd29yZCI6InRlc3RwYXNzMjM0NSJ9LCJpYXQiOjE2ODcxNjQ0OTgsImV4cCI6MTY4NzE2NTA5OH0.O3cnpjIsfvzaNO69YlbrONuT88-4ZfCBArrnLebqbE4"},"timestamp":"2023-06-19"}
{"level":"info","message":{"method":"GET","type":"access","url":"/api/v1/users/profile"},"timestamp":"2023-06-19"}
{"level":"info","message":{"method":"PUT","type":"access","url":"/api/v1/users/profile"},"timestamp":"2023-06-19"}
{"level":"info","message":{"method":"PUT","type":"access","url":"/api/v1/users/profile"},"timestamp":"2023-06-19"}
{"level":"info","message":{"method":"POST","type":"access","url":"/api/v1/users/logout"},"timestamp":"2023-06-19"}
{"level":"info","message":{"method":"POST","type":"access","url":"/api/v1/users/signup"},"timestamp":"2023-06-19"}
{"level":"info","message":{"method":"POST","type":"access","url":"/api/v1/users/login"},"timestamp":"2023-06-19"}
{"level":"info","message":{"method":"PATCH","type":"access","url":"/api/v1/users/update-password"},"timestamp":"2023-06-19"}
{"level":"info","message":{"method":"POST","type":"access","url":"/api/v1/users/login"},"timestamp":"2023-06-19"}
{"level":"info","message":{"method":"PATCH","type":"access","url":"/api/v1/users/update-password"},"timestamp":"2023-06-19"}
{"level":"info","message":{"method":"POST","type":"access","url":"/api/v1/users/login"},"timestamp":"2023-06-19"}
{"level":"info","message":{"method":"PATCH","type":"access","url":"/api/v1/users/a1a96a86-d898-45d2-896f-51898966b838/roles"},"timestamp":"2023-06-19"}
{"level":"info","message":{"method":"PATCH","type":"access","url":"/api/v1/users/a1a96a86-d898-45d2-896f-51898966b838/roles"},"timestamp":"2023-06-19"}
{"level":"info","message":{"method":"PATCH","type":"access","url":"/api/v1/users/80fe0feb-82ee-4475-be4e-c56b8822db6f/roles"},"timestamp":"2023-06-19"}
{"level":"info","message":{"method":"PATCH","type":"access","url":"/api/v1/users/80fe0feb-82ee-4475-be4e-c56b8822db6f/roles"},"timestamp":"2023-06-19"}
{"level":"info","message":{"method":"PATCH","type":"access","url":"/api/v1/users/update-password"},"timestamp":"2023-06-19"}
{"level":"info","message":{"method":"POST","type":"access","url":"/api/v1/products"},"timestamp":"2023-06-19"}
{"level":"info","message":{"method":"POST","type":"access","url":"/api/v1/users/login"},"timestamp":"2023-06-19"}
{"level":"info","message":{"method":"PATCH","type":"access","url":"/api/v1/users/update-password"},"timestamp":"2023-06-19"}
{"level":"info","message":{"method":"POST","type":"access","url":"/api/v1/users/signup"},"timestamp":"2023-06-19"}
{"level":"info","message":{"method":"GET","type":"access","url":"/api/v1/users/verify-email?t=eyJhbGciOiJIUzI1NiIsInR5cCI6IkpXVCJ9.eyJkYXRhIjp7ImZpcnN0bmFtZSI6Im15Zmlyc3RuYW1lIiwibGFzdG5hbWUiOiJteXNlY29uZG5hbWUiLCJlbWFpbCI6ImNhbHZpbmJ1a2FyYW5pQGdtYWlsLmNvbSIsInBhc3N3b3JkIjoidGVzdHBhc3MyMzQ1In0sImlhdCI6MTY4NzE2NDUwMSwiZXhwIjoxNjg3MTY1MTAxfQ.dwcgLAs-WjnlPC43ankePPWVwlR2NykKMBWyAXHoOZg"},"timestamp":"2023-06-19"}
{"level":"info","message":{"method":"POST","type":"access","url":"/api/v1/users/login"},"timestamp":"2023-06-19"}
{"level":"info","message":{"method":"POST","type":"access","url":"/api/v1/users/login"},"timestamp":"2023-06-19"}
{"level":"info","message":{"method":"POST","type":"access","url":"/api/v1/users/login/validate/eyJhbGciOiJIUzI1NiIsInR5cCI6IkpXVCJ9.eyJkYXRhIjp7ImZpcnN0bmFtZSI6Im15Zmlyc3RuYW1lIiwibGFzdG5hbWUiOiJteXNlY29uZG5hbWUiLCJlbWFpbCI6ImNhbHZpbmJ1a2FyYW5pQGdtYWlsLmNvbSIsInBhc3N3b3JkIjoidGVzdHBhc3MyMzQ1In0sImlhdCI6MTY4NzE2NDUwMSwiZXhwIjoxNjg3MTY1MTAxfQ.dwcgLAs-WjnlPC43ankePPWVwlR2NykKMBWyAXHoOZg"},"timestamp":"2023-06-19"}
{"level":"info","message":{"method":"POST","type":"access","url":"/api/v1/users/login/validate/eyJhbGciOiJIUzI1NiIsInR5cCI6IkpXVCJ9.eyJkYXRhIjp7ImZpcnN0bmFtZSI6Im15Zmlyc3RuYW1lIiwibGFzdG5hbWUiOiJteXNlY29uZG5hbWUiLCJlbWFpbCI6ImNhbHZpbmJ1a2FyYW5pQGdtYWlsLmNvbSIsInBhc3N3b3JkIjoidGVzdHBhc3MyMzQ1In0sImlhdCI6MTY4NzE2NDUwMSwiZXhwIjoxNjg3MTY1MTAxfQ.dwcgLAs-WjnlPC43ankePPWVwlR2NykKMBWyAXHoOZg"},"timestamp":"2023-06-19"}
{"level":"info","message":{"method":"POST","type":"access","url":"/api/v1/users/signup"},"timestamp":"2023-06-19"}
{"level":"info","message":{"method":"POST","type":"access","url":"/api/v1/products"},"timestamp":"2023-06-19"}
{"level":"info","message":{"method":"POST","type":"access","url":"/api/v1/carts"},"timestamp":"2023-06-19"}
{"level":"info","message":{"method":"POST","type":"access","url":"/api/v1/carts"},"timestamp":"2023-06-19"}
{"level":"info","message":{"method":"POST","type":"access","url":"/api/v1/carts"},"timestamp":"2023-06-19"}
{"level":"info","message":{"method":"POST","type":"access","url":"/api/v1/products"},"timestamp":"2023-06-19"}
{"level":"info","message":{"method":"POST","type":"access","url":"/api/v1/users/signup"},"timestamp":"2023-06-19"}
{"level":"info","message":{"method":"GET","type":"access","url":"/api/v1/products"},"timestamp":"2023-06-19"}
{"level":"info","message":{"method":"GET","type":"access","url":"/api/v1/products"},"timestamp":"2023-06-19"}
{"level":"info","message":{"method":"GET","type":"access","url":"/api/v1/products"},"timestamp":"2023-06-19"}
{"level":"info","message":{"method":"GET","type":"access","url":"/api/v1/products/public"},"timestamp":"2023-06-19"}
{"level":"info","message":{"method":"GET","type":"access","url":"/api/v1/products/c7c2dd22-8aa7-44ae-b9a3-b7021f33fbd4"},"timestamp":"2023-06-19"}
{"level":"info","message":{"method":"GET","type":"access","url":"/api/v1/products/c7c2dd22-8aa7-44ae-b9a3-b7021f33fbd4"},"timestamp":"2023-06-19"}
{"level":"info","message":{"method":"GET","type":"access","url":"/api/v1/products/1a2ef741-1488-4435-b2e2-4075a6a169eb"},"timestamp":"2023-06-19"}
{"level":"info","message":{"method":"GET","type":"access","url":"/api/v1/products"},"timestamp":"2023-06-19"}
{"level":"info","message":{"method":"GET","type":"access","url":"/api/v1/products/1a2ef741-1488-4435-b2e2-4075a6a169eb"},"timestamp":"2023-06-19"}
{"level":"info","message":{"method":"GET","type":"access","url":"/api/v1/products/1a2ef741-1488-4435-b2e2-4075a6a169"},"timestamp":"2023-06-19"}
{"level":"info","message":{"method":"POST","type":"access","url":"/api/v1/product-wishes"},"timestamp":"2023-06-19"}
{"level":"info","message":{"method":"POST","type":"access","url":"/api/v1/product-wishes"},"timestamp":"2023-06-19"}
{"level":"info","message":{"method":"POST","type":"access","url":"/api/v1/product-wishes"},"timestamp":"2023-06-19"}
{"level":"info","message":{"method":"POST","type":"access","url":"/api/v1/product-wishes"},"timestamp":"2023-06-19"}
{"level":"info","message":{"method":"POST","type":"access","url":"/api/v1/carts"},"timestamp":"2023-06-19"}
{"level":"info","message":{"method":"GET","type":"access","url":"/api/v1/product-wishes"},"timestamp":"2023-06-19"}
{"level":"info","message":{"method":"GET","type":"access","url":"/api/v1/product-wishes"},"timestamp":"2023-06-19"}
{"level":"info","message":{"method":"POST","type":"access","url":"/api/v1/carts"},"timestamp":"2023-06-19"}
{"level":"info","message":{"method":"GET","type":"access","url":"/api/v1/product-wishes"},"timestamp":"2023-06-19"}
{"level":"info","message":{"method":"POST","type":"access","url":"/api/v1/carts"},"timestamp":"2023-06-19"}
{"level":"info","message":{"method":"GET","type":"access","url":"/api/v1/product-wishes"},"timestamp":"2023-06-19"}
{"level":"info","message":{"method":"GET","type":"access","url":"/api/v1/products/c7c2dd22-8aa7-44ae-b9a3-b7021f33fbd4/product-wishes"},"timestamp":"2023-06-19"}
{"level":"info","message":{"method":"POST","type":"access","url":"/api/v1/products"},"timestamp":"2023-06-19"}
{"level":"info","message":{"method":"GET","type":"access","url":"/api/v1/products/c7c2dd22-8aa7-44ae-b9a3-b7021f33fbd4/product-wishes"},"timestamp":"2023-06-19"}
{"level":"info","message":{"method":"POST","type":"access","url":"/api/v1/products"},"timestamp":"2023-06-19"}
{"level":"info","message":{"method":"POST","type":"access","url":"/api/v1/carts"},"timestamp":"2023-06-19"}
{"level":"info","message":{"method":"POST","type":"access","url":"/api/v1/carts"},"timestamp":"2023-06-19"}
{"level":"info","message":{"method":"POST","type":"access","url":"/api/v1/pay"},"timestamp":"2023-06-19"}
{"level":"info","message":{"method":"GET","type":"access","url":"/api/v1/success?paymentId=cs_test_a1PucVBlRW3Bx7Dqzcbd6cbaay1ym6C2GcOBdMaDESfzsBU9grWIWn8H6L"},"timestamp":"2023-06-19"}
{"level":"info","message":{"method":"PATCH","type":"access","url":"/api/v1/products/9974076f-e16a-486f-a923-362ec1747a12/availability"},"timestamp":"2023-06-19"}
{"level":"info","message":{"method":"PATCH","type":"access","url":"/api/v1/products/c7c2dd22-8aa7-44ae-b9a3-b7021f33fbd4/availability"},"timestamp":"2023-06-19"}
{"level":"info","message":{"method":"PATCH","type":"access","url":"/api/v1/products/c7c2dd22-8aa7-44ae-b9a3-b7021f33fbd4/availability"},"timestamp":"2023-06-19"}
{"level":"info","message":{"method":"PATCH","type":"access","url":"/api/v1/products/c7c2dd22-8aa7-44ae-b9a3-b7021f33fbd4"},"timestamp":"2023-06-19"}
{"level":"info","message":{"method":"POST","type":"access","url":"/api/v1/carts"},"timestamp":"2023-06-19"}
{"level":"info","message":{"method":"POST","type":"access","url":"/api/v1/carts"},"timestamp":"2023-06-19"}
{"level":"info","message":{"method":"GET","type":"access","url":"/api/v1/carts"},"timestamp":"2023-06-19"}
{"level":"info","message":{"method":"GET","type":"access","url":"/api/v1/success"},"timestamp":"2023-06-19"}
{"level":"info","message":{"method":"PUT","type":"access","url":"/api/v1/carts"},"timestamp":"2023-06-19"}
{"level":"info","message":{"method":"DELETE","type":"access","url":"/api/v1/products/c7c2dd22-8aa7-44ae-b9a3-b7021f33fbd4"},"timestamp":"2023-06-19"}
{"level":"info","message":{"method":"DELETE","type":"access","url":"/api/v1/products/9974076f-e16a-486f-a923-362ec1747a12"},"timestamp":"2023-06-19"}
{"level":"info","message":{"method":"DELETE","type":"access","url":"/api/v1/products/products/9974076f-e16a-486f-a923-362ec1747a12"},"timestamp":"2023-06-19"}
{"level":"info","message":{"method":"PATCH","type":"access","url":"/api/v1/products/c7c2dd22-8aa7-44ae-b9a3-b7021f33fbd4"},"timestamp":"2023-06-19"}
{"level":"info","message":{"method":"GET","type":"access","url":"/api/v1/products/search"},"timestamp":"2023-06-19"}
{"level":"info","message":{"method":"GET","type":"access","url":"/api/v1/products/search"},"timestamp":"2023-06-19"}
{"level":"info","message":{"method":"GET","type":"access","url":"/api/v1/products/search?name=Product%201"},"timestamp":"2023-06-19"}
{"level":"info","message":{"method":"GET","type":"access","url":"/api/v1/products/search?minPrice=10&maxPrice=20"},"timestamp":"2023-06-19"}
{"level":"info","message":{"method":"GET","type":"access","url":"/api/v1/products/search?catego"},"timestamp":"2023-06-19"}
{"level":"info","message":{"method":"GET","type":"access","url":"/api/v1/products/search?bestBefore=2023-01-01"},"timestamp":"2023-06-19"}
{"level":"info","message":{"method":"GET","type":"access","url":"/api/v1/products/search?bestBefore=07-2009"},"timestamp":"2023-06-19"}
{"level":"info","message":{"method":"GET","type":"access","url":"/api/v1/orders/b17dcad8-07fb-480a-841f-a5b002999432/status"},"timestamp":"2023-06-19"}
{"level":"info","message":{"method":"POST","type":"access","url":"/api/v1/products/537bcaf0-f593-4802-90fa-be5b4867a68e/reviews"},"timestamp":"2023-06-19"}
{"level":"info","message":{"method":"GET","type":"access","url":"/api/v1/orders/48a03244-8ea9-4590-8cb5-12c7f050bb6c/status"},"timestamp":"2023-06-19"}
{"level":"info","message":{"method":"POST","type":"access","url":"/api/v1/products/537bcaf0-f593-4802-90fa-be5b4867a68e/reviews"},"timestamp":"2023-06-19"}
{"level":"info","message":{"method":"GET","type":"access","url":"/api/v1/orders"},"timestamp":"2023-06-19"}
{"level":"info","message":{"method":"POST","type":"access","url":"/api/v1/products/e28973e7-2492-4c76-9a2a-ce0d20a384af/reviews"},"timestamp":"2023-06-19"}
{"level":"info","message":{"method":"POST","type":"access","url":"/api/v1/products/9974076f-e16a-486f-a923-362ec1747a12/reviews"},"timestamp":"2023-06-19"}
{"level":"info","message":{"method":"POST","type":"access","url":"/api/v1/products/e28973e7-2492-4c76-9a2a-ce0d20a384af/reviews"},"timestamp":"2023-06-19"}
{"level":"info","message":{"method":"POST","type":"access","url":"/api/v1/products/e28973e7-2492-4c76-9a2a-ce0d20a384af/reviews"},"timestamp":"2023-06-19"}
{"level":"info","message":{"method":"GET","type":"access","url":"/api/v1/products/e28973e7-2492-4c76-9a2a-ce0d20a384af/reviews"},"timestamp":"2023-06-19"}
{"level":"info","message":{"method":"GET","type":"access","url":"/api/v1/products/e28973e7-2492-4c76-9a2a-ce0d20a384af/reviews"},"timestamp":"2023-06-19"}
{"level":"info","message":{"method":"POST","type":"access","url":"/api/v1/categories"},"timestamp":"2023-06-19"}
{"level":"info","message":{"method":"POST","type":"access","url":"/api/v1/categories"},"timestamp":"2023-06-19"}
{"level":"info","message":{"method":"POST","type":"access","url":"/api/v1/categories"},"timestamp":"2023-06-19"}
{"level":"info","message":{"method":"POST","type":"access","url":"/api/v1/categories"},"timestamp":"2023-06-19"}
{"level":"info","message":{"method":"POST","type":"access","url":"/api/v1/categories"},"timestamp":"2023-06-19"}
{"level":"info","message":{"method":"GET","type":"access","url":"/api/v1/categories"},"timestamp":"2023-06-19"}
{"level":"info","message":{"method":"GET","type":"access","url":"/api/v1/categories"},"timestamp":"2023-06-19"}
{"level":"info","message":{"method":"GET","type":"access","url":"/api/v1/categories"},"timestamp":"2023-06-19"}
{"level":"info","message":{"method":"GET","type":"access","url":"/api/v1/categories"},"timestamp":"2023-06-19"}
{"level":"info","message":{"method":"PATCH","type":"access","url":"/api/v1/notifications/d8ecbc4c-16a9-456b-95ef-ce6b52c166fc"},"timestamp":"2023-06-19"}
{"level":"info","message":{"method":"PATCH","type":"access","url":"/api/v1/notifications/2b43a131-68cb-4052-8e97-b1bd95a04138"},"timestamp":"2023-06-19"}
{"level":"info","message":{"method":"PATCH","type":"access","url":"/api/v1/notifications"},"timestamp":"2023-06-19"}
{"level":"info","message":{"method":"POST","type":"access","url":"/api/v1/users/signup"},"timestamp":"2023-06-19"}
{"level":"info","message":{"method":"GET","type":"access","url":"/api/v1/stats"},"timestamp":"2023-06-19"}
{"level":"info","message":{"method":"GET","type":"access","url":"/api/v1/stats"},"timestamp":"2023-06-19"}
